<?xml version="1.0" encoding="UTF-8"?>
<!-- Generated by org.testng.reporters.JUnitXMLReporter -->
<testsuite ignored="0" hostname="LAPTOP-0O8VOCIM" failures="3" tests="5" name="Test" time="35.623" errors="0" timestamp="10 Sep. 2020 13:53:52 GMT">
  <testcase classname="com.qa.ParallelTest.test.GoogleTest" name="LogoDisplayTest" time="0.015">
    <failure type="java.lang.NullPointerException">
      <![CDATA[java.lang.NullPointerException
at org.openqa.selenium.support.ui.ExpectedConditions.elementIfVisible(ExpectedConditions.java:314)
at org.openqa.selenium.support.ui.ExpectedConditions.access$000(ExpectedConditions.java:43)
at org.openqa.selenium.support.ui.ExpectedConditions$10.apply(ExpectedConditions.java:300)
at org.openqa.selenium.support.ui.ExpectedConditions$10.apply(ExpectedConditions.java:297)
at org.openqa.selenium.support.ui.FluentWait.until(FluentWait.java:249)
at com.qa.ParalleTest.pages.Google.LogoDisplay(Google.java:25)
at com.qa.ParallelTest.test.GoogleTest.LogoDisplayTest(GoogleTest.java:21)
... Removed 25 stack frames]]>
    </failure>
  </testcase> <!-- LogoDisplayTest -->
  <testcase classname="com.qa.ParallelTest.test.GoogleTest" name="getTitleTest" time="0.015"/>
  <testcase classname="com.qa.ParallelTest.test.BingTest" name="getitileTest" time="0.029"/>
  <testcase classname="com.qa.ParallelTest.test.BingTest" name="logoMethodTest" time="0.002">
    <failure type="java.lang.NullPointerException">
      <![CDATA[java.lang.NullPointerException
at org.openqa.selenium.support.ui.ExpectedConditions.elementIfVisible(ExpectedConditions.java:314)
at org.openqa.selenium.support.ui.ExpectedConditions.access$000(ExpectedConditions.java:43)
at org.openqa.selenium.support.ui.ExpectedConditions$10.apply(ExpectedConditions.java:300)
at org.openqa.selenium.support.ui.ExpectedConditions$10.apply(ExpectedConditions.java:297)
at org.openqa.selenium.support.ui.FluentWait.until(FluentWait.java:249)
at com.qa.ParalleTest.pages.Bing.logoMethod(Bing.java:18)
at com.qa.ParallelTest.test.BingTest.logoMethodTest(BingTest.java:25)
... Removed 25 stack frames]]>
    </failure>
  </testcase> <!-- logoMethodTest -->
  <testcase classname="com.qa.ParallelTest.test.YahooTest" name="logoTest" time="0.002">
    <failure type="java.lang.NullPointerException">
      <![CDATA[java.lang.NullPointerException
at org.openqa.selenium.support.ui.ExpectedConditions.elementIfVisible(ExpectedConditions.java:314)
at org.openqa.selenium.support.ui.ExpectedConditions.access$000(ExpectedConditions.java:43)
at org.openqa.selenium.support.ui.ExpectedConditions$10.apply(ExpectedConditions.java:300)
at org.openqa.selenium.support.ui.ExpectedConditions$10.apply(ExpectedConditions.java:297)
at org.openqa.selenium.support.ui.FluentWait.until(FluentWait.java:249)
at com.qa.ParalleTest.pages.Yahoo.logoMethod(Yahoo.java:16)
at com.qa.ParallelTest.test.YahooTest.logoTest(YahooTest.java:22)
... Removed 25 stack frames]]>
    </failure>
  </testcase> <!-- logoTest -->
</testsuite> <!-- Test -->
